[debug] [2023-06-05T22:22:10.574Z] ----------------------------------------------------------------------
[debug] [2023-06-05T22:22:10.576Z] Command:       /opt/homebrew/Cellar/node/19.7.0/bin/node /opt/homebrew/bin/firebase init
[debug] [2023-06-05T22:22:10.576Z] CLI Version:   12.3.0
[debug] [2023-06-05T22:22:10.577Z] Platform:      darwin
[debug] [2023-06-05T22:22:10.577Z] Node Version:  v19.7.0
[debug] [2023-06-05T22:22:10.577Z] Time:          Tue Jun 06 2023 01:22:10 GMT+0300 (GMT+03:00)
[debug] [2023-06-05T22:22:10.577Z] ----------------------------------------------------------------------
[debug] 
[debug] [2023-06-05T22:22:10.581Z] > command requires scopes: ["email","openid","https://www.googleapis.com/auth/cloudplatformprojects.readonly","https://www.googleapis.com/auth/firebase","https://www.googleapis.com/auth/cloud-platform"]
[debug] [2023-06-05T22:22:10.581Z] > authorizing via signed-in user (bilgilialikemal56@gmail.com)
[info] 
     ######## #### ########  ######## ########     ###     ######  ########
     ##        ##  ##     ## ##       ##     ##  ##   ##  ##       ##
     ######    ##  ########  ######   ########  #########  ######  ######
     ##        ##  ##    ##  ##       ##     ## ##     ##       ## ##
     ##       #### ##     ## ######## ########  ##     ##  ######  ########

You're about to initialize a Firebase project in this directory:

  /Users/alikemalbilgili/Desktop/firebase-blog-project

[info] 
=== Project Setup
[info] 
[info] First, let's associate this project directory with a Firebase project.
[info] You can create multiple project aliases by running firebase use --add, 
[info] but for now we'll just set up a default project.
[info] 
[debug] [2023-06-05T22:23:12.414Z] >>> [apiv2][query] GET https://firebase.googleapis.com/v1beta1/projects pageSize=100
[debug] [2023-06-05T22:23:13.146Z] <<< [apiv2][status] GET https://firebase.googleapis.com/v1beta1/projects 200
[debug] [2023-06-05T22:23:13.146Z] <<< [apiv2][body] GET https://firebase.googleapis.com/v1beta1/projects [omitted]
[info] i  Using project blogpostreact (BlogPostReact) 
[info] 
=== Hosting Setup
[info] 
[info] Your public directory is the folder (relative to your project directory) that
[info] will contain Hosting assets to be uploaded with firebase deploy. If you
[info] have a build process for your assets, use your build's output directory.
[info] 
[info] ✔  Wrote public/404.html 
[debug] [2023-06-05T22:24:26.292Z] >>> [apiv2][query] GET https://www.gstatic.com/firebasejs/releases.json [none]
[debug] [2023-06-05T22:24:26.472Z] <<< [apiv2][status] GET https://www.gstatic.com/firebasejs/releases.json 200
[debug] [2023-06-05T22:24:26.473Z] <<< [apiv2][body] GET https://www.gstatic.com/firebasejs/releases.json {"current":{"version":"9.22.1","browserURL":"https://www.gstatic.com/firebasejs/9.22.1/firebase.js","packageURL":"https://www.gstatic.com/firebasejs/9.22.1/firebase.tgz"},"live":{"version":"9.22","browserURL":"https://www.gstatic.com/firebasejs/live/9.22/firebase.js","packageURL":"https://www.gstatic.com/firebasejs/live/9.22/firebase.tgz"},"components":{"analytics":"https://www.gstatic.com/firebasejs/9.22.1/firebase-analytics.js","app":"https://www.gstatic.com/firebasejs/9.22.1/firebase-app.js","app-check":"https://www.gstatic.com/firebasejs/9.22.1/firebase-app-check.js","auth":"https://www.gstatic.com/firebasejs/9.22.1/firebase-auth.js","auth/cordova":"https://www.gstatic.com/firebasejs/9.22.1/firebase-auth/cordova.js","auth/react-native":"https://www.gstatic.com/firebasejs/9.22.1/firebase-auth/react-native.js","functions":"https://www.gstatic.com/firebasejs/9.22.1/firebase-functions.js","firestore":"https://www.gstatic.com/firebasejs/9.22.1/firebase-firestore.js","firestore/lite":"https://www.gstatic.com/firebasejs/9.22.1/firebase-firestore/lite.js","installations":"https://www.gstatic.com/firebasejs/9.22.1/firebase-installations.js","storage":"https://www.gstatic.com/firebasejs/9.22.1/firebase-storage.js","performance":"https://www.gstatic.com/firebasejs/9.22.1/firebase-performance.js","remote-config":"https://www.gstatic.com/firebasejs/9.22.1/firebase-remote-config.js","messaging":"https://www.gstatic.com/firebasejs/9.22.1/firebase-messaging.js","messaging/sw":"https://www.gstatic.com/firebasejs/9.22.1/firebase-messaging/sw.js","database":"https://www.gstatic.com/firebasejs/9.22.1/firebase-database.js","firestore.memory":"https://www.gstatic.com/firebasejs/9.22.1/firebase-firestore.memory.js"}}
[info] i  Skipping write of public/index.html 
[info] 
[info] i  Detected a .git folder at /Users/alikemalbilgili/Desktop/firebase-blog-project 
[info] i  Authorizing with GitHub to upload your service account to a GitHub repository's secrets store. 
[info] 
[info] Visit this URL on this device to log in:
[info] https://github.com/login/oauth/authorize?client_id=89cf50f02ac6aaed3484&state=375378878&redirect_uri=http%3A%2F%2Flocalhost%3A9005&scope=read%3Auser%20repo%20public_repo
[info] 
[info] Waiting for authentication...
[debug] [2023-06-05T22:25:02.100Z] >>> [apiv2][query] POST https://github.com/login/oauth/access_token [none]
[debug] [2023-06-05T22:25:02.100Z] >>> [apiv2][body] POST https://github.com/login/oauth/access_token [stream]
[debug] [2023-06-05T22:25:02.497Z] <<< [apiv2][status] POST https://github.com/login/oauth/access_token 200
[debug] [2023-06-05T22:25:02.498Z] <<< [apiv2][body] POST https://github.com/login/oauth/access_token {"access_token":"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","token_type":"bearer","scope":"read:user,repo"}
[debug] [2023-06-05T22:25:02.510Z] >>> [apiv2][query] GET https://api.github.com/user [none]
[debug] [2023-06-05T22:25:02.948Z] <<< [apiv2][status] GET https://api.github.com/user 200
[debug] [2023-06-05T22:25:02.948Z] <<< [apiv2][body] GET https://api.github.com/user {"login":"alikemalbilgili","id":99512910,"node_id":"U_kgDOBe5yTg","avatar_url":"https://avatars.githubusercontent.com/u/99512910?v=4","gravatar_id":"","url":"https://api.github.com/users/alikemalbilgili","html_url":"https://github.com/alikemalbilgili","followers_url":"https://api.github.com/users/alikemalbilgili/followers","following_url":"https://api.github.com/users/alikemalbilgili/following{/other_user}","gists_url":"https://api.github.com/users/alikemalbilgili/gists{/gist_id}","starred_url":"https://api.github.com/users/alikemalbilgili/starred{/owner}{/repo}","subscriptions_url":"https://api.github.com/users/alikemalbilgili/subscriptions","organizations_url":"https://api.github.com/users/alikemalbilgili/orgs","repos_url":"https://api.github.com/users/alikemalbilgili/repos","events_url":"https://api.github.com/users/alikemalbilgili/events{/privacy}","received_events_url":"https://api.github.com/users/alikemalbilgili/received_events","type":"User","site_admin":false,"name":"Ali Kemal Bilgili","company":"Akdeniz University","blog":"","location":"Antalya","email":null,"hireable":null,"bio":"Welcome my profile. I am Ali Kemal. I always wonder how people produce new things as using programming and i am here.","twitter_username":null,"public_repos":11,"public_gists":0,"followers":6,"following":9,"created_at":"2022-02-11T22:06:23Z","updated_at":"2023-05-27T13:58:32Z","private_gists":0,"total_private_repos":7,"owned_private_repos":7,"disk_usage":78107,"collaborators":2,"two_factor_authentication":false,"plan":{"name":"free","space":976562499,"collaborators":0,"private_repos":10000}}
[info] 
[info] ✔  Success! Logged into GitHub as alikemalbilgili 
[info] 
